<?xml version="1.0" encoding="UTF-8"?>
<!-- Generated by org.testng.reporters.JUnitReportReporter -->
<testsuite hostname="Capgeminis-Mac-mini.local" failures="0" tests="2" name="tests.CreateAccountTests" time="24.728" errors="0" timestamp="2023-01-03T15:36:17 IST" skipped="0">
  <testcase classname="tests.CreateAccountTests" name="createAccount" time="11.986"/>
  <system-out/>
  <testcase classname="tests.CreateAccountTests" name="createAccount" time="12.742"/>
  <system-out/>
</testsuite> <!-- tests.CreateAccountTests -->
