<?xml version="1.0" encoding="UTF-8"?>
<!-- Generated by org.testng.reporters.JUnitReportReporter -->
<testsuite hostname="Capgeminis-Mac-mini.local" failures="0" tests="4" name="tests.LoginTests" time="63.414" errors="0" timestamp="2023-01-03T15:36:17 IST" skipped="0">
  <testcase classname="tests.LoginTests" name="logout" time="11.885"/>
  <system-out/>
  <testcase classname="tests.LoginTests" name="logout" time="11.062"/>
  <system-out/>
  <testcase classname="tests.LoginTests" name="login" time="20.866"/>
  <system-out/>
  <testcase classname="tests.LoginTests" name="login" time="19.601"/>
  <system-out/>
</testsuite> <!-- tests.LoginTests -->
